<?xml version="1.0" encoding="UTF-8"?>
<!-- Generated by org.testng.reporters.JUnitReportReporter -->
<testsuite skipped="0" hostname="Kuntis-MacBook-Pro.local" name="Academy.bin.TestCase2" tests="3" failures="0" timestamp="05 Nov 2017 21:52:30 GMT" time="0.128" errors="0">
  <testcase name="test3" time="0.046" classname="Academy.bin.TestCase2"/>
  <testcase name="test2" time="0.066" classname="Academy.bin.TestCase2"/>
  <testcase name="testLandingPage" time="0.016" classname="Academy.bin.TestCase2"/>
</testsuite> <!-- Academy.bin.TestCase2 -->
