<?xml version="1.0" encoding="UTF-8"?>
<testsuite xmlns:xsi="http://www.w3.org/2001/XMLSchema-instance" xsi:noNamespaceSchemaLocation="https://maven.apache.org/surefire/maven-surefire-plugin/xsd/surefire-test-report.xsd" name="TestSuite" time="38.179" tests="5" errors="0" skipped="0" failures="1">
  <properties>
    <property name="gopherProxySet" value="false"/>
    <property name="awt.toolkit" value="sun.lwawt.macosx.LWCToolkit"/>
    <property name="file.encoding.pkg" value="sun.io"/>
    <property name="java.specification.version" value="1.8"/>
    <property name="sun.cpu.isalist" value=""/>
    <property name="sun.jnu.encoding" value="UTF-8"/>
    <property name="java.class.path" value="/Users/kuntishah/E2EProject/target/test-classes:/Users/kuntishah/E2EProject/target/classes:/Users/kuntishah/.m2/repository/junit/junit/3.8.1/junit-3.8.1.jar:/Users/kuntishah/.m2/repository/org/seleniumhq/selenium/selenium-java/3.6.0/selenium-java-3.6.0.jar:/Users/kuntishah/.m2/repository/org/seleniumhq/selenium/selenium-api/3.6.0/selenium-api-3.6.0.jar:/Users/kuntishah/.m2/repository/org/seleniumhq/selenium/selenium-chrome-driver/3.6.0/selenium-chrome-driver-3.6.0.jar:/Users/kuntishah/.m2/repository/org/seleniumhq/selenium/selenium-edge-driver/3.6.0/selenium-edge-driver-3.6.0.jar:/Users/kuntishah/.m2/repository/org/seleniumhq/selenium/selenium-firefox-driver/3.6.0/selenium-firefox-driver-3.6.0.jar:/Users/kuntishah/.m2/repository/org/seleniumhq/selenium/selenium-ie-driver/3.6.0/selenium-ie-driver-3.6.0.jar:/Users/kuntishah/.m2/repository/org/seleniumhq/selenium/selenium-opera-driver/3.6.0/selenium-opera-driver-3.6.0.jar:/Users/kuntishah/.m2/repository/org/seleniumhq/selenium/selenium-remote-driver/3.6.0/selenium-remote-driver-3.6.0.jar:/Users/kuntishah/.m2/repository/org/seleniumhq/selenium/selenium-safari-driver/3.6.0/selenium-safari-driver-3.6.0.jar:/Users/kuntishah/.m2/repository/org/seleniumhq/selenium/selenium-support/3.6.0/selenium-support-3.6.0.jar:/Users/kuntishah/.m2/repository/net/bytebuddy/byte-buddy/1.7.5/byte-buddy-1.7.5.jar:/Users/kuntishah/.m2/repository/org/apache/commons/commons-exec/1.3/commons-exec-1.3.jar:/Users/kuntishah/.m2/repository/commons-codec/commons-codec/1.10/commons-codec-1.10.jar:/Users/kuntishah/.m2/repository/commons-logging/commons-logging/1.2/commons-logging-1.2.jar:/Users/kuntishah/.m2/repository/com/google/code/gson/gson/2.8.0/gson-2.8.0.jar:/Users/kuntishah/.m2/repository/com/google/guava/guava/23.0/guava-23.0.jar:/Users/kuntishah/.m2/repository/com/google/code/findbugs/jsr305/1.3.9/jsr305-1.3.9.jar:/Users/kuntishah/.m2/repository/com/google/errorprone/error_prone_annotations/2.0.18/error_prone_annotations-2.0.18.jar:/Users/kuntishah/.m2/repository/com/google/j2objc/j2objc-annotations/1.1/j2objc-annotations-1.1.jar:/Users/kuntishah/.m2/repository/org/codehaus/mojo/animal-sniffer-annotations/1.14/animal-sniffer-annotations-1.14.jar:/Users/kuntishah/.m2/repository/org/apache/httpcomponents/httpclient/4.5.3/httpclient-4.5.3.jar:/Users/kuntishah/.m2/repository/org/apache/httpcomponents/httpcore/4.4.6/httpcore-4.4.6.jar:/Users/kuntishah/.m2/repository/net/java/dev/jna/jna/4.1.0/jna-4.1.0.jar:/Users/kuntishah/.m2/repository/net/java/dev/jna/jna-platform/4.1.0/jna-platform-4.1.0.jar:/Users/kuntishah/.m2/repository/org/testng/testng/6.11/testng-6.11.jar:/Users/kuntishah/.m2/repository/com/beust/jcommander/1.64/jcommander-1.64.jar:/Users/kuntishah/.m2/repository/org/yaml/snakeyaml/1.17/snakeyaml-1.17.jar:/Users/kuntishah/.m2/repository/log4j/log4j/1.2.17/log4j-1.2.17.jar:/Users/kuntishah/.m2/repository/org/apache/logging/log4j/log4j-core/2.9.1/log4j-core-2.9.1.jar:/Users/kuntishah/.m2/repository/org/apache/logging/log4j/log4j-api/2.9.1/log4j-api-2.9.1.jar:/Users/kuntishah/.m2/repository/org/apache/maven/surefire/surefire-testng-utils/2.20.1/surefire-testng-utils-2.20.1.jar:/Users/kuntishah/.m2/repository/org/apache/maven/surefire/surefire-grouper/2.20.1/surefire-grouper-2.20.1.jar:"/>
    <property name="java.vm.vendor" value="Oracle Corporation"/>
    <property name="sun.arch.data.model" value="64"/>
    <property name="java.vendor.url" value="http://java.oracle.com/"/>
    <property name="user.timezone" value=""/>
    <property name="java.vm.specification.version" value="1.8"/>
    <property name="os.name" value="Mac OS X"/>
    <property name="user.country" value="US"/>
    <property name="sun.java.launcher" value="SUN_STANDARD"/>
    <property name="sun.boot.library.path" value="/Library/Java/JavaVirtualMachines/jdk1.8.0_121.jdk/Contents/Home/jre/lib"/>
    <property name="sun.java.command" value="/Users/kuntishah/E2EProject/target/surefire/surefirebooter4002913989693254888.jar /Users/kuntishah/E2EProject/target/surefire 2017-11-05T13-51-52_205-jvmRun1 surefire3888413221988885240tmp surefire_05472187286253070943tmp"/>
    <property name="http.nonProxyHosts" value="local|*.local|169.254/16|*.169.254/16"/>
    <property name="surefire.test.class.path" value="/Users/kuntishah/E2EProject/target/test-classes:/Users/kuntishah/E2EProject/target/classes:/Users/kuntishah/.m2/repository/junit/junit/3.8.1/junit-3.8.1.jar:/Users/kuntishah/.m2/repository/org/seleniumhq/selenium/selenium-java/3.6.0/selenium-java-3.6.0.jar:/Users/kuntishah/.m2/repository/org/seleniumhq/selenium/selenium-api/3.6.0/selenium-api-3.6.0.jar:/Users/kuntishah/.m2/repository/org/seleniumhq/selenium/selenium-chrome-driver/3.6.0/selenium-chrome-driver-3.6.0.jar:/Users/kuntishah/.m2/repository/org/seleniumhq/selenium/selenium-edge-driver/3.6.0/selenium-edge-driver-3.6.0.jar:/Users/kuntishah/.m2/repository/org/seleniumhq/selenium/selenium-firefox-driver/3.6.0/selenium-firefox-driver-3.6.0.jar:/Users/kuntishah/.m2/repository/org/seleniumhq/selenium/selenium-ie-driver/3.6.0/selenium-ie-driver-3.6.0.jar:/Users/kuntishah/.m2/repository/org/seleniumhq/selenium/selenium-opera-driver/3.6.0/selenium-opera-driver-3.6.0.jar:/Users/kuntishah/.m2/repository/org/seleniumhq/selenium/selenium-remote-driver/3.6.0/selenium-remote-driver-3.6.0.jar:/Users/kuntishah/.m2/repository/org/seleniumhq/selenium/selenium-safari-driver/3.6.0/selenium-safari-driver-3.6.0.jar:/Users/kuntishah/.m2/repository/org/seleniumhq/selenium/selenium-support/3.6.0/selenium-support-3.6.0.jar:/Users/kuntishah/.m2/repository/net/bytebuddy/byte-buddy/1.7.5/byte-buddy-1.7.5.jar:/Users/kuntishah/.m2/repository/org/apache/commons/commons-exec/1.3/commons-exec-1.3.jar:/Users/kuntishah/.m2/repository/commons-codec/commons-codec/1.10/commons-codec-1.10.jar:/Users/kuntishah/.m2/repository/commons-logging/commons-logging/1.2/commons-logging-1.2.jar:/Users/kuntishah/.m2/repository/com/google/code/gson/gson/2.8.0/gson-2.8.0.jar:/Users/kuntishah/.m2/repository/com/google/guava/guava/23.0/guava-23.0.jar:/Users/kuntishah/.m2/repository/com/google/code/findbugs/jsr305/1.3.9/jsr305-1.3.9.jar:/Users/kuntishah/.m2/repository/com/google/errorprone/error_prone_annotations/2.0.18/error_prone_annotations-2.0.18.jar:/Users/kuntishah/.m2/repository/com/google/j2objc/j2objc-annotations/1.1/j2objc-annotations-1.1.jar:/Users/kuntishah/.m2/repository/org/codehaus/mojo/animal-sniffer-annotations/1.14/animal-sniffer-annotations-1.14.jar:/Users/kuntishah/.m2/repository/org/apache/httpcomponents/httpclient/4.5.3/httpclient-4.5.3.jar:/Users/kuntishah/.m2/repository/org/apache/httpcomponents/httpcore/4.4.6/httpcore-4.4.6.jar:/Users/kuntishah/.m2/repository/net/java/dev/jna/jna/4.1.0/jna-4.1.0.jar:/Users/kuntishah/.m2/repository/net/java/dev/jna/jna-platform/4.1.0/jna-platform-4.1.0.jar:/Users/kuntishah/.m2/repository/org/testng/testng/6.11/testng-6.11.jar:/Users/kuntishah/.m2/repository/com/beust/jcommander/1.64/jcommander-1.64.jar:/Users/kuntishah/.m2/repository/org/yaml/snakeyaml/1.17/snakeyaml-1.17.jar:/Users/kuntishah/.m2/repository/log4j/log4j/1.2.17/log4j-1.2.17.jar:/Users/kuntishah/.m2/repository/org/apache/logging/log4j/log4j-core/2.9.1/log4j-core-2.9.1.jar:/Users/kuntishah/.m2/repository/org/apache/logging/log4j/log4j-api/2.9.1/log4j-api-2.9.1.jar:/Users/kuntishah/.m2/repository/org/apache/maven/surefire/surefire-testng-utils/2.20.1/surefire-testng-utils-2.20.1.jar:/Users/kuntishah/.m2/repository/org/apache/maven/surefire/surefire-grouper/2.20.1/surefire-grouper-2.20.1.jar:"/>
    <property name="sun.cpu.endian" value="little"/>
    <property name="user.home" value="/Users/kuntishah"/>
    <property name="user.language" value="en"/>
    <property name="java.specification.vendor" value="Oracle Corporation"/>
    <property name="java.home" value="/Library/Java/JavaVirtualMachines/jdk1.8.0_121.jdk/Contents/Home/jre"/>
    <property name="basedir" value="/Users/kuntishah/E2EProject"/>
    <property name="file.separator" value="/"/>
    <property name="line.separator" value="&#10;"/>
    <property name="java.vm.specification.vendor" value="Oracle Corporation"/>
    <property name="java.specification.name" value="Java Platform API Specification"/>
    <property name="java.awt.graphicsenv" value="sun.awt.CGraphicsEnvironment"/>
    <property name="surefire.real.class.path" value="/Users/kuntishah/E2EProject/target/surefire/surefirebooter4002913989693254888.jar"/>
    <property name="sun.boot.class.path" value="/Library/Java/JavaVirtualMachines/jdk1.8.0_121.jdk/Contents/Home/jre/lib/resources.jar:/Library/Java/JavaVirtualMachines/jdk1.8.0_121.jdk/Contents/Home/jre/lib/rt.jar:/Library/Java/JavaVirtualMachines/jdk1.8.0_121.jdk/Contents/Home/jre/lib/sunrsasign.jar:/Library/Java/JavaVirtualMachines/jdk1.8.0_121.jdk/Contents/Home/jre/lib/jsse.jar:/Library/Java/JavaVirtualMachines/jdk1.8.0_121.jdk/Contents/Home/jre/lib/jce.jar:/Library/Java/JavaVirtualMachines/jdk1.8.0_121.jdk/Contents/Home/jre/lib/charsets.jar:/Library/Java/JavaVirtualMachines/jdk1.8.0_121.jdk/Contents/Home/jre/lib/jfr.jar:/Library/Java/JavaVirtualMachines/jdk1.8.0_121.jdk/Contents/Home/jre/classes"/>
    <property name="sun.management.compiler" value="HotSpot 64-Bit Tiered Compilers"/>
    <property name="ftp.nonProxyHosts" value="local|*.local|169.254/16|*.169.254/16"/>
    <property name="java.runtime.version" value="1.8.0_121-b13"/>
    <property name="user.name" value="kuntishah"/>
    <property name="path.separator" value=":"/>
    <property name="os.version" value="10.12.6"/>
    <property name="java.endorsed.dirs" value="/Library/Java/JavaVirtualMachines/jdk1.8.0_121.jdk/Contents/Home/jre/lib/endorsed"/>
    <property name="java.runtime.name" value="Java(TM) SE Runtime Environment"/>
    <property name="file.encoding" value="UTF-8"/>
    <property name="java.vm.name" value="Java HotSpot(TM) 64-Bit Server VM"/>
    <property name="localRepository" value="/Users/kuntishah/.m2/repository"/>
    <property name="java.vendor.url.bug" value="http://bugreport.sun.com/bugreport/"/>
    <property name="java.io.tmpdir" value="/var/folders/w_/190phhts5176jdzkf04fxn1w0000gn/T/"/>
    <property name="java.version" value="1.8.0_121"/>
    <property name="user.dir" value="/Users/kuntishah/E2EProject"/>
    <property name="os.arch" value="x86_64"/>
    <property name="java.vm.specification.name" value="Java Virtual Machine Specification"/>
    <property name="java.awt.printerjob" value="sun.lwawt.macosx.CPrinterJob"/>
    <property name="sun.os.patch.level" value="unknown"/>
    <property name="java.library.path" value="/Users/kuntishah/Library/Java/Extensions:/Library/Java/Extensions:/Network/Library/Java/Extensions:/System/Library/Java/Extensions:/usr/lib/java:."/>
    <property name="java.vm.info" value="mixed mode"/>
    <property name="java.vendor" value="Oracle Corporation"/>
    <property name="java.vm.version" value="25.121-b13"/>
    <property name="java.ext.dirs" value="/Users/kuntishah/Library/Java/Extensions:/Library/Java/JavaVirtualMachines/jdk1.8.0_121.jdk/Contents/Home/jre/lib/ext:/Library/Java/Extensions:/Network/Library/Java/Extensions:/System/Library/Java/Extensions:/usr/lib/java"/>
    <property name="sun.io.unicode.encoding" value="UnicodeBig"/>
    <property name="java.class.version" value="52.0"/>
    <property name="socksNonProxyHosts" value="local|*.local|169.254/16|*.169.254/16"/>
  </properties>
  <testcase name="basePageNavigation" classname="Academy.bin.LoginQAClick" time="4.589"/>
  <testcase name="basePageNavigation" classname="Academy.bin.LoginQAClick" time="0.051">
    <failure message="no such element: Unable to locate element: {&quot;method&quot;:&quot;css selector&quot;,&quot;selector&quot;:&quot;a[href=&apos;http://qaclickacademy.usefedora.com/sign_in&apos;]&quot;}&#10;  (Session info: chrome=61.0.3163.100)&#10;  (Driver info: chromedriver=2.33.506106 (8a06c39c4582fbfbab6966dbb1c38a9173bfb1a2),platform=Mac OS X 10.12.6 x86_64) (WARNING: The server did not provide any stacktrace information)&#10;Command duration or timeout: 0 milliseconds&#10;For documentation on this error, please visit: http://seleniumhq.org/exceptions/no_such_element.html&#10;Build info: version: &apos;3.6.0&apos;, revision: &apos;6fbf3ec767&apos;, time: &apos;2017-09-27T15:28:36.4Z&apos;&#10;System info: host: &apos;Kuntis-MacBook-Pro.local&apos;, ip: &apos;fe80:0:0:0:4c9:a847:8d4a:934c%en0&apos;, os.name: &apos;Mac OS X&apos;, os.arch: &apos;x86_64&apos;, os.version: &apos;10.12.6&apos;, java.version: &apos;1.8.0_121&apos;&#10;Driver info: org.openqa.selenium.chrome.ChromeDriver&#10;Capabilities [{mobileEmulationEnabled=false, hasTouchScreen=false, platform=MAC, acceptSslCerts=true, webStorageEnabled=true, browserName=chrome, takesScreenshot=true, javascriptEnabled=true, platformName=MAC, setWindowRect=true, unexpectedAlertBehaviour=, applicationCacheEnabled=false, rotatable=false, networkConnectionEnabled=false, chrome={chromedriverVersion=2.33.506106 (8a06c39c4582fbfbab6966dbb1c38a9173bfb1a2), userDataDir=/var/folders/w_/190phhts5176jdzkf04fxn1w0000gn/T/.org.chromium.Chromium.AVIBoi}, takesHeapSnapshot=true, pageLoadStrategy=normal, unhandledPromptBehavior=, databaseEnabled=false, handlesAlerts=true, version=61.0.3163.100, browserConnectionEnabled=false, nativeEvents=true, locationContextEnabled=true, cssSelectorsEnabled=true}]&#10;Session ID: 9e3d0d2fd564960142b323ebfe571487&#10;*** Element info: {Using=css selector, value=a[href=&apos;http://qaclickacademy.usefedora.com/sign_in&apos;]}" type="org.openqa.selenium.NoSuchElementException">org.openqa.selenium.NoSuchElementException: 
no such element: Unable to locate element: {"method":"css selector","selector":"a[href='http://qaclickacademy.usefedora.com/sign_in']"}
  (Session info: chrome=61.0.3163.100)
  (Driver info: chromedriver=2.33.506106 (8a06c39c4582fbfbab6966dbb1c38a9173bfb1a2),platform=Mac OS X 10.12.6 x86_64) (WARNING: The server did not provide any stacktrace information)
Command duration or timeout: 0 milliseconds
For documentation on this error, please visit: http://seleniumhq.org/exceptions/no_such_element.html
Build info: version: '3.6.0', revision: '6fbf3ec767', time: '2017-09-27T15:28:36.4Z'
System info: host: 'Kuntis-MacBook-Pro.local', ip: 'fe80:0:0:0:4c9:a847:8d4a:934c%en0', os.name: 'Mac OS X', os.arch: 'x86_64', os.version: '10.12.6', java.version: '1.8.0_121'
Driver info: org.openqa.selenium.chrome.ChromeDriver
Capabilities [{mobileEmulationEnabled=false, hasTouchScreen=false, platform=MAC, acceptSslCerts=true, webStorageEnabled=true, browserName=chrome, takesScreenshot=true, javascriptEnabled=true, platformName=MAC, setWindowRect=true, unexpectedAlertBehaviour=, applicationCacheEnabled=false, rotatable=false, networkConnectionEnabled=false, chrome={chromedriverVersion=2.33.506106 (8a06c39c4582fbfbab6966dbb1c38a9173bfb1a2), userDataDir=/var/folders/w_/190phhts5176jdzkf04fxn1w0000gn/T/.org.chromium.Chromium.AVIBoi}, takesHeapSnapshot=true, pageLoadStrategy=normal, unhandledPromptBehavior=, databaseEnabled=false, handlesAlerts=true, version=61.0.3163.100, browserConnectionEnabled=false, nativeEvents=true, locationContextEnabled=true, cssSelectorsEnabled=true}]
Session ID: 9e3d0d2fd564960142b323ebfe571487
*** Element info: {Using=css selector, value=a[href='http://qaclickacademy.usefedora.com/sign_in']}
	at Academy.bin.LoginQAClick.basePageNavigation(LoginQAClick.java:39)
</failure>
  </testcase>
  <testcase name="testLandingPage" classname="Academy.bin.TestCase2" time="0.011"/>
  <testcase name="test2" classname="Academy.bin.TestCase2" time="0.065"/>
  <testcase name="test3" classname="Academy.bin.TestCase2" time="0.047"/>
</testsuite>