<?xml version="1.0" encoding="UTF-8"?>
<!-- Generated by org.testng.reporters.JUnitReportReporter -->
<testsuite hostname="Kuntis-MacBook-Pro.local" name="com.kunti.app.BookFlight" tests="3" failures="0" timestamp="11 Dec 2017 21:04:44 GMT" time="60.010" errors="0">
  <testcase name="bookFlight" time="18.074" classname="com.kunti.app.BookFlight"/>
  <testcase name="bookFlight" time="18.152" classname="com.kunti.app.BookFlight"/>
  <testcase name="bookFlight" time="23.784" classname="com.kunti.app.BookFlight"/>
</testsuite> <!-- com.kunti.app.BookFlight -->
