<?xml version="1.0" encoding="UTF-8"?>
<!-- Generated by org.testng.reporters.JUnitReportReporter -->
<testsuite skipped="0" hostname="Kuntis-MacBook-Pro.local" name="Academy.bin.HomePage" tests="1" failures="0" timestamp="03 Nov 2017 21:01:56 GMT" time="9.642" errors="0">
  <testcase name="basePageNavigation" time="9.642" classname="Academy.bin.HomePage"/>
</testsuite> <!-- Academy.bin.HomePage -->
