<?xml version="1.0" encoding="UTF-8"?>
<!-- Generated by org.testng.reporters.JUnitReportReporter -->
<testsuite skipped="0" hostname="Kuntis-MacBook-Pro.local" name="Academy.bin.LoginQAClick" tests="2" failures="0" timestamp="03 Dec 2017 06:58:40 GMT" time="14.631" errors="0">
  <testcase name="basePageNavigation" time="5.152" classname="Academy.bin.LoginQAClick"/>
  <testcase name="basePageNavigation" time="9.479" classname="Academy.bin.LoginQAClick"/>
</testsuite> <!-- Academy.bin.LoginQAClick -->
